# JRE version: OpenJDK Runtime Environment (23.0.1+11) (build 23.0.1+11-39)
# Java VM: OpenJDK 64-Bit Server VM (23.0.1+11-39, mixed mode, sharing, tiered, compressed oops, compressed class ptrs, g1 gc, windows-amd64)
GC Precious Log:
 CardTable entry size: 512
 Card Set container configuration: InlinePtr #cards 5 size 8 Array Of Cards #cards 10 size 36 Howl #buckets 4 coarsen threshold 1843 Howl Bitmap #cards 512 size 80 coarsen threshold 460 Card regions per heap region 1 cards per card region 2048
 CPUs: 4 total, 4 available
 Memory: 3530M
 Large Page Support: Disabled
 NUMA Support: Disabled
 Compressed Oops: Enabled (32-bit)
 Heap Region Size: 1M
 Heap Min Capacity: 8M
 Heap Initial Capacity: 56M
 Heap Max Capacity: 884M
 Pre-touch: Disabled
 Parallel Workers: 4
 Concurrent Workers: 1
 Concurrent Refinement Workers: 4
 Periodic GC: Disabled
Heap:
 garbage-first heap   total reserved 905216K, committed 70656K, used 44363K [0x00000000c8c00000, 0x0000000100000000)
  region size 1024K, 2 young (2048K), 1 survivors (1024K)
 Metaspace       used 59595K, committed 60736K, reserved 1114112K
  class space    used 8008K, committed 8448K, reserved 1048576K
GC Heap History (20 events):
Event: 13.846 GC heap before
{Heap before GC invocations=14 (full 0):
 garbage-first heap   total reserved 905216K, committed 61440K, used 51838K [0x00000000c8c00000, 0x0000000100000000)
  region size 1024K, 23 young (23552K), 2 survivors (2048K)
 Metaspace       used 33968K, committed 34496K, reserved 1114112K
  class space    used 4332K, committed 4544K, reserved 1048576K
}
Event: 13.852 GC heap after
{Heap after GC invocations=15 (full 0):
 garbage-first heap   total reserved 905216K, committed 61440K, used 29666K [0x00000000c8c00000, 0x0000000100000000)
  region size 1024K, 2 young (2048K), 2 survivors (2048K)
 Metaspace       used 33968K, committed 34496K, reserved 1114112K
  class space    used 4332K, committed 4544K, reserved 1048576K
}
Event: 15.318 GC heap before
{Heap before GC invocations=15 (full 0):
 garbage-first heap   total reserved 905216K, committed 61440K, used 53218K [0x00000000c8c00000, 0x0000000100000000)
  region size 1024K, 25 young (25600K), 2 survivors (2048K)
 Metaspace       used 39070K, committed 39680K, reserved 1114112K
  class space    used 5115K, committed 5376K, reserved 1048576K
}
Event: 15.327 GC heap after
{Heap after GC invocations=16 (full 0):
 garbage-first heap   total reserved 905216K, committed 61440K, used 31311K [0x00000000c8c00000, 0x0000000100000000)
  region size 1024K, 4 young (4096K), 4 survivors (4096K)
 Metaspace       used 39070K, committed 39680K, reserved 1114112K
  class space    used 5115K, committed 5376K, reserved 1048576K
}
Event: 16.189 GC heap before
{Heap before GC invocations=16 (full 0):
 garbage-first heap   total reserved 905216K, committed 61440K, used 52815K [0x00000000c8c00000, 0x0000000100000000)
  region size 1024K, 26 young (26624K), 4 survivors (4096K)
 Metaspace       used 40380K, committed 40960K, reserved 1114112K
  class space    used 5270K, committed 5504K, reserved 1048576K
}
Event: 16.198 GC heap after
{Heap after GC invocations=17 (full 0):
 garbage-first heap   total reserved 905216K, committed 61440K, used 34176K [0x00000000c8c00000, 0x0000000100000000)
  region size 1024K, 4 young (4096K), 4 survivors (4096K)
 Metaspace       used 40380K, committed 40960K, reserved 1114112K
  class space    used 5270K, committed 5504K, reserved 1048576K
}
Event: 16.742 GC heap before
{Heap before GC invocations=17 (full 0):
 garbage-first heap   total reserved 905216K, committed 61440K, used 53632K [0x00000000c8c00000, 0x0000000100000000)
  region size 1024K, 23 young (23552K), 4 survivors (4096K)
 Metaspace       used 42348K, committed 42944K, reserved 1114112K
  class space    used 5575K, committed 5824K, reserved 1048576K
}
Event: 16.753 GC heap after
{Heap after GC invocations=18 (full 0):
 garbage-first heap   total reserved 905216K, committed 61440K, used 37113K [0x00000000c8c00000, 0x0000000100000000)
  region size 1024K, 3 young (3072K), 3 survivors (3072K)
 Metaspace       used 42348K, committed 42944K, reserved 1114112K
  class space    used 5575K, committed 5824K, reserved 1048576K
}
Event: 17.451 GC heap before
{Heap before GC invocations=19 (full 0):
 garbage-first heap   total reserved 905216K, committed 63488K, used 53497K [0x00000000c8c00000, 0x0000000100000000)
  region size 1024K, 19 young (19456K), 3 survivors (3072K)
 Metaspace       used 45125K, committed 45760K, reserved 1114112K
  class space    used 6074K, committed 6336K, reserved 1048576K
}
Event: 17.457 GC heap after
{Heap after GC invocations=20 (full 0):
 garbage-first heap   total reserved 905216K, committed 63488K, used 39240K [0x00000000c8c00000, 0x0000000100000000)
  region size 1024K, 2 young (2048K), 2 survivors (2048K)
 Metaspace       used 45125K, committed 45760K, reserved 1114112K
  class space    used 6074K, committed 6336K, reserved 1048576K
}
Event: 18.053 GC heap before
{Heap before GC invocations=20 (full 0):
 garbage-first heap   total reserved 905216K, committed 63488K, used 56648K [0x00000000c8c00000, 0x0000000100000000)
  region size 1024K, 19 young (19456K), 2 survivors (2048K)
 Metaspace       used 47430K, committed 48128K, reserved 1114112K
  class space    used 6438K, committed 6720K, reserved 1048576K
}
Event: 18.061 GC heap after
{Heap after GC invocations=21 (full 0):
 garbage-first heap   total reserved 905216K, committed 63488K, used 40103K [0x00000000c8c00000, 0x0000000100000000)
  region size 1024K, 2 young (2048K), 2 survivors (2048K)
 Metaspace       used 47430K, committed 48128K, reserved 1114112K
  class space    used 6438K, committed 6720K, reserved 1048576K
}
Event: 18.695 GC heap before
{Heap before GC invocations=21 (full 0):
 garbage-first heap   total reserved 905216K, committed 63488K, used 56487K [0x00000000c8c00000, 0x0000000100000000)
  region size 1024K, 18 young (18432K), 2 survivors (2048K)
 Metaspace       used 50409K, committed 51136K, reserved 1114112K
  class space    used 6843K, committed 7168K, reserved 1048576K
}
Event: 18.701 GC heap after
{Heap after GC invocations=22 (full 0):
 garbage-first heap   total reserved 905216K, committed 63488K, used 41492K [0x00000000c8c00000, 0x0000000100000000)
  region size 1024K, 3 young (3072K), 3 survivors (3072K)
 Metaspace       used 50409K, committed 51136K, reserved 1114112K
  class space    used 6843K, committed 7168K, reserved 1048576K
}
Event: 84.428 GC heap before
{Heap before GC invocations=23 (full 0):
 garbage-first heap   total reserved 905216K, committed 70656K, used 54804K [0x00000000c8c00000, 0x0000000100000000)
  region size 1024K, 17 young (17408K), 3 survivors (3072K)
 Metaspace       used 53721K, committed 54464K, reserved 1114112K
  class space    used 7275K, committed 7616K, reserved 1048576K
}
Event: 84.448 GC heap after
{Heap after GC invocations=24 (full 0):
 garbage-first heap   total reserved 905216K, committed 70656K, used 42600K [0x00000000c8c00000, 0x0000000100000000)
  region size 1024K, 3 young (3072K), 3 survivors (3072K)
 Metaspace       used 53721K, committed 54464K, reserved 1114112K
  class space    used 7275K, committed 7616K, reserved 1048576K
}
Event: 134.423 GC heap before
{Heap before GC invocations=24 (full 0):
 garbage-first heap   total reserved 905216K, committed 70656K, used 62056K [0x00000000c8c00000, 0x0000000100000000)
  region size 1024K, 23 young (23552K), 3 survivors (3072K)
 Metaspace       used 58815K, committed 59584K, reserved 1114112K
  class space    used 8034K, committed 8384K, reserved 1048576K
}
Event: 134.527 GC heap after
{Heap after GC invocations=25 (full 0):
 garbage-first heap   total reserved 905216K, committed 70656K, used 43641K [0x00000000c8c00000, 0x0000000100000000)
  region size 1024K, 3 young (3072K), 3 survivors (3072K)
 Metaspace       used 58815K, committed 59584K, reserved 1114112K
  class space    used 8034K, committed 8384K, reserved 1048576K
}
Event: 1237.416 GC heap before
{Heap before GC invocations=25 (full 0):
 garbage-first heap   total reserved 905216K, committed 70656K, used 62073K [0x00000000c8c00000, 0x0000000100000000)
  region size 1024K, 22 young (22528K), 3 survivors (3072K)
 Metaspace       used 59928K, committed 60736K, reserved 1114112K
  class space    used 8104K, committed 8448K, reserved 1048576K
}
Event: 1238.156 GC heap after
{Heap after GC invocations=26 (full 0):
 garbage-first heap   total reserved 905216K, committed 70656K, used 44363K [0x00000000c8c00000, 0x0000000100000000)
  region size 1024K, 1 young (1024K), 1 survivors (1024K)
 Metaspace       used 59928K, committed 60736K, reserved 1114112K
  class space    used 8104K, committed 8448K, reserved 1048576K
}

